<?xml version="1.0" encoding="UTF-8"?>
<testsuite xmlns:xsi="http://www.w3.org/2001/XMLSchema-instance" xsi:noNamespaceSchemaLocation="https://maven.apache.org/surefire/maven-surefire-plugin/xsd/surefire-test-report.xsd" name="ArithmaticUnitTests" time="0.133" tests="4" errors="0" skipped="0" failures="0">
  <properties>
[...]
</properties>
  <testcase name="testAdd" classname="ArithmaticUnitTests" time="0.01"/>
  <testcase name="testSubtract" classname="ArithmaticUnitTests" time="0"/>
  <testcase name="testAddRandom" classname="ArithmaticUnitTests" time="0"/>
  <testcase name="testSubtractRandom" classname="ArithmaticUnitTests" time="0"/>
</testsuite>